<?xml version="1.0" encoding="UTF-8"?>
<!-- Generated by org.testng.reporters.JUnitReportReporter -->
<testsuite hostname="L-MAA-00800557" name="test.SampleEmail" tests="1" failures="0" timestamp="24 Mar 2017 14:54:08 GMT" time="75.016" errors="0">
  <testcase name="test" time="75.016" classname="test.SampleEmail"/>
</testsuite> <!-- test.SampleEmail -->
