<?xml version="1.0" encoding="UTF-8"?>
<!-- Generated by org.testng.reporters.JUnitReportReporter -->
<testsuite hostname="L-MAA-00800557" name="test.Sample" tests="1" failures="0" timestamp="20 Jun 2017 17:21:45 GMT" time="65.733" errors="0">
  <testcase name="test" time="65.733" classname="test.Sample"/>
</testsuite> <!-- test.Sample -->
