<?xml version="1.0" encoding="UTF-8"?>
<!-- Generated by org.testng.reporters.JUnitReportReporter -->
<testsuite hostname="L-MAA-00800557" name="test.SampleEmail" tests="1" failures="0" timestamp="23 Mar 2017 07:07:14 GMT" time="199.744" errors="0">
  <testcase name="test" time="199.744" classname="test.SampleEmail"/>
</testsuite> <!-- test.SampleEmail -->
