<?xml version="1.0" encoding="UTF-8"?>
<!-- Generated by org.testng.reporters.JUnitReportReporter -->
<testsuite hostname="L-MAA-00800557" name="test.SampleEmail" tests="1" failures="0" timestamp="23 Mar 2017 18:00:13 GMT" time="128.865" errors="0">
  <testcase name="test" time="128.865" classname="test.SampleEmail"/>
</testsuite> <!-- test.SampleEmail -->
