<?xml version="1.0" encoding="UTF-8"?>
<!-- Generated by org.testng.reporters.JUnitReportReporter -->
<testsuite hostname="L-MAA-00800557" name="test.SampleComposeEmail" tests="1" failures="0" timestamp="24 Mar 2017 15:03:29 GMT" time="25.970" errors="0">
  <testcase name="test" time="25.970" classname="test.SampleComposeEmail"/>
</testsuite> <!-- test.SampleComposeEmail -->
