<?xml version="1.0" encoding="UTF-8"?>
<!-- Generated by org.testng.reporters.JUnitReportReporter -->
<testsuite hostname="L-MAA-00800557" name="test.Sample" tests="1" failures="0" timestamp="24 Mar 2017 07:27:01 GMT" time="11.197" errors="0">
  <testcase name="test" time="11.197" classname="test.Sample"/>
</testsuite> <!-- test.Sample -->
